# JRE version: OpenJDK Runtime Environment Microsoft-7208460 (11.0.18+10) (build 11.0.18+10-LTS)
# Java VM: OpenJDK 64-Bit Server VM Microsoft-7208460 (11.0.18+10-LTS, mixed mode, tiered, compressed oops, g1 gc, windows-amd64)
Heap:
 garbage-first heap   total 361472K, used 274919K [0x0000000080000000, 0x0000000100000000)
  region size 1024K, 11 young (11264K), 1 survivors (1024K)
 Metaspace       used 132529K, capacity 137539K, committed 137808K, reserved 636928K
  class space    used 16835K, capacity 18657K, committed 18688K, reserved 516096K
GC Heap History (20 events):
Event: 331.743 GC heap before
{Heap before GC invocations=127 (full 0):
 garbage-first heap   total 301056K, used 261895K [0x0000000080000000, 0x0000000100000000)
  region size 1024K, 20 young (20480K), 2 survivors (2048K)
 Metaspace       used 130542K, capacity 135535K, committed 135760K, reserved 634880K
  class space    used 16577K, capacity 18386K, committed 18432K, reserved 516096K
}
Event: 331.772 GC heap after
{Heap after GC invocations=128 (full 0):
 garbage-first heap   total 301056K, used 246894K [0x0000000080000000, 0x0000000100000000)
  region size 1024K, 3 young (3072K), 3 survivors (3072K)
 Metaspace       used 130542K, capacity 135535K, committed 135760K, reserved 634880K
  class space    used 16577K, capacity 18386K, committed 18432K, reserved 516096K
}
Event: 336.103 GC heap before
{Heap before GC invocations=128 (full 0):
 garbage-first heap   total 301056K, used 262254K [0x0000000080000000, 0x0000000100000000)
  region size 1024K, 18 young (18432K), 3 survivors (3072K)
 Metaspace       used 131131K, capacity 136128K, committed 136400K, reserved 634880K
  class space    used 16643K, capacity 18464K, committed 18560K, reserved 516096K
}
Event: 336.141 GC heap after
{Heap after GC invocations=129 (full 0):
 garbage-first heap   total 301056K, used 247306K [0x0000000080000000, 0x0000000100000000)
  region size 1024K, 1 young (1024K), 1 survivors (1024K)
 Metaspace       used 131131K, capacity 136128K, committed 136400K, reserved 634880K
  class space    used 16643K, capacity 18464K, committed 18560K, reserved 516096K
}
Event: 340.053 GC heap before
{Heap before GC invocations=129 (full 0):
 garbage-first heap   total 301056K, used 261642K [0x0000000080000000, 0x0000000100000000)
  region size 1024K, 16 young (16384K), 1 survivors (1024K)
 Metaspace       used 131963K, capacity 137026K, committed 137296K, reserved 634880K
  class space    used 16768K, capacity 18593K, committed 18688K, reserved 516096K
}
Event: 340.069 GC heap after
{Heap after GC invocations=130 (full 0):
 garbage-first heap   total 301056K, used 248742K [0x0000000080000000, 0x0000000100000000)
  region size 1024K, 2 young (2048K), 2 survivors (2048K)
 Metaspace       used 131963K, capacity 137026K, committed 137296K, reserved 634880K
  class space    used 16768K, capacity 18593K, committed 18688K, reserved 516096K
}
Event: 340.901 GC heap before
{Heap before GC invocations=130 (full 0):
 garbage-first heap   total 301056K, used 265126K [0x0000000080000000, 0x0000000100000000)
  region size 1024K, 17 young (17408K), 2 survivors (2048K)
 Metaspace       used 132271K, capacity 137315K, committed 137552K, reserved 636928K
  class space    used 16814K, capacity 18625K, committed 18688K, reserved 516096K
}
Event: 340.933 GC heap after
{Heap after GC invocations=131 (full 0):
 garbage-first heap   total 301056K, used 254617K [0x0000000080000000, 0x0000000100000000)
  region size 1024K, 3 young (3072K), 3 survivors (3072K)
 Metaspace       used 132271K, capacity 137315K, committed 137552K, reserved 636928K
  class space    used 16814K, capacity 18625K, committed 18688K, reserved 516096K
}
Event: 341.565 GC heap before
{Heap before GC invocations=131 (full 0):
 garbage-first heap   total 301056K, used 264857K [0x0000000080000000, 0x0000000100000000)
  region size 1024K, 14 young (14336K), 3 survivors (3072K)
 Metaspace       used 132303K, capacity 137315K, committed 137552K, reserved 636928K
  class space    used 16819K, capacity 18625K, committed 18688K, reserved 516096K
}
Event: 341.600 GC heap after
{Heap after GC invocations=132 (full 0):
 garbage-first heap   total 301056K, used 257292K [0x0000000080000000, 0x0000000100000000)
  region size 1024K, 2 young (2048K), 2 survivors (2048K)
 Metaspace       used 132303K, capacity 137315K, committed 137552K, reserved 636928K
  class space    used 16819K, capacity 18625K, committed 18688K, reserved 516096K
}
Event: 342.954 GC heap before
{Heap before GC invocations=132 (full 0):
 garbage-first heap   total 301056K, used 269580K [0x0000000080000000, 0x0000000100000000)
  region size 1024K, 14 young (14336K), 2 survivors (2048K)
 Metaspace       used 132364K, capacity 137411K, committed 137552K, reserved 636928K
  class space    used 16830K, capacity 18657K, committed 18688K, reserved 516096K
}
Event: 342.975 GC heap after
{Heap after GC invocations=133 (full 0):
 garbage-first heap   total 301056K, used 260096K [0x0000000080000000, 0x0000000100000000)
  region size 1024K, 2 young (2048K), 2 survivors (2048K)
 Metaspace       used 132364K, capacity 137411K, committed 137552K, reserved 636928K
  class space    used 16830K, capacity 18657K, committed 18688K, reserved 516096K
}
Event: 344.265 GC heap before
{Heap before GC invocations=133 (full 0):
 garbage-first heap   total 301056K, used 272384K [0x0000000080000000, 0x0000000100000000)
  region size 1024K, 14 young (14336K), 2 survivors (2048K)
 Metaspace       used 132375K, capacity 137411K, committed 137552K, reserved 636928K
  class space    used 16830K, capacity 18657K, committed 18688K, reserved 516096K
}
Event: 344.303 GC heap after
{Heap after GC invocations=134 (full 0):
 garbage-first heap   total 301056K, used 263168K [0x0000000080000000, 0x0000000100000000)
  region size 1024K, 2 young (2048K), 2 survivors (2048K)
 Metaspace       used 132375K, capacity 137411K, committed 137552K, reserved 636928K
  class space    used 16830K, capacity 18657K, committed 18688K, reserved 516096K
}
Event: 345.677 GC heap before
{Heap before GC invocations=134 (full 0):
 garbage-first heap   total 301056K, used 275456K [0x0000000080000000, 0x0000000100000000)
  region size 1024K, 14 young (14336K), 2 survivors (2048K)
 Metaspace       used 132460K, capacity 137475K, committed 137552K, reserved 636928K
  class space    used 16833K, capacity 18657K, committed 18688K, reserved 516096K
}
Event: 345.705 GC heap after
{Heap after GC invocations=135 (full 0):
 garbage-first heap   total 301056K, used 265118K [0x0000000080000000, 0x0000000100000000)
  region size 1024K, 2 young (2048K), 2 survivors (2048K)
 Metaspace       used 132460K, capacity 137475K, committed 137552K, reserved 636928K
  class space    used 16833K, capacity 18657K, committed 18688K, reserved 516096K
}
Event: 346.193 GC heap before
{Heap before GC invocations=135 (full 0):
 garbage-first heap   total 301056K, used 276382K [0x0000000080000000, 0x0000000100000000)
  region size 1024K, 14 young (14336K), 2 survivors (2048K)
 Metaspace       used 132467K, capacity 137475K, committed 137552K, reserved 636928K
  class space    used 16833K, capacity 18657K, committed 18688K, reserved 516096K
}
Event: 346.448 GC heap after
{Heap after GC invocations=136 (full 0):
 garbage-first heap   total 301056K, used 265515K [0x0000000080000000, 0x0000000100000000)
  region size 1024K, 1 young (1024K), 1 survivors (1024K)
 Metaspace       used 132467K, capacity 137475K, committed 137552K, reserved 636928K
  class space    used 16833K, capacity 18657K, committed 18688K, reserved 516096K
}
Event: 347.199 GC heap before
{Heap before GC invocations=136 (full 0):
 garbage-first heap   total 301056K, used 277803K [0x0000000080000000, 0x0000000100000000)
  region size 1024K, 14 young (14336K), 1 survivors (1024K)
 Metaspace       used 132497K, capacity 137539K, committed 137808K, reserved 636928K
  class space    used 16833K, capacity 18657K, committed 18688K, reserved 516096K
}
Event: 347.280 GC heap after
{Heap after GC invocations=137 (full 0):
 garbage-first heap   total 361472K, used 265703K [0x0000000080000000, 0x0000000100000000)
  region size 1024K, 1 young (1024K), 1 survivors (1024K)
 Metaspace       used 132497K, capacity 137539K, committed 137808K, reserved 636928K
  class space    used 16833K, capacity 18657K, committed 18688K, reserved 516096K
}

