# JRE version: OpenJDK Runtime Environment Microsoft-7208460 (11.0.18+10) (build 11.0.18+10-LTS)
# Java VM: OpenJDK 64-Bit Server VM Microsoft-7208460 (11.0.18+10-LTS, mixed mode, tiered, compressed oops, g1 gc, windows-amd64)
Heap:
 garbage-first heap   total 61440K, used 29175K [0x00000000c4e00000, 0x0000000100000000)
  region size 1024K, 19 young (19456K), 1 survivors (1024K)
 Metaspace       used 26399K, capacity 26815K, committed 27136K, reserved 1073152K
  class space    used 2794K, capacity 2949K, committed 3072K, reserved 1048576K
GC Heap History (6 events):
Event: 7.050 GC heap before
{Heap before GC invocations=0 (full 0):
 garbage-first heap   total 61440K, used 17408K [0x00000000c4e00000, 0x0000000100000000)
  region size 1024K, 14 young (14336K), 0 survivors (0K)
 Metaspace       used 9872K, capacity 10002K, committed 10112K, reserved 1058816K
  class space    used 828K, capacity 885K, committed 896K, reserved 1048576K
}
Event: 7.259 GC heap after
{Heap after GC invocations=1 (full 0):
 garbage-first heap   total 61440K, used 5324K [0x00000000c4e00000, 0x0000000100000000)
  region size 1024K, 2 young (2048K), 2 survivors (2048K)
 Metaspace       used 9872K, capacity 10002K, committed 10112K, reserved 1058816K
  class space    used 828K, capacity 885K, committed 896K, reserved 1048576K
}
Event: 22.211 GC heap before
{Heap before GC invocations=1 (full 0):
 garbage-first heap   total 61440K, used 40140K [0x00000000c4e00000, 0x0000000100000000)
  region size 1024K, 36 young (36864K), 2 survivors (2048K)
 Metaspace       used 18026K, capacity 18235K, committed 18304K, reserved 1064960K
  class space    used 1793K, capacity 1869K, committed 1920K, reserved 1048576K
}
Event: 22.238 GC heap after
{Heap after GC invocations=2 (full 0):
 garbage-first heap   total 61440K, used 8668K [0x00000000c4e00000, 0x0000000100000000)
  region size 1024K, 5 young (5120K), 5 survivors (5120K)
 Metaspace       used 18026K, capacity 18235K, committed 18304K, reserved 1064960K
  class space    used 1793K, capacity 1869K, committed 1920K, reserved 1048576K
}
Event: 26.908 GC heap before
{Heap before GC invocations=2 (full 0):
 garbage-first heap   total 61440K, used 18908K [0x00000000c4e00000, 0x0000000100000000)
  region size 1024K, 16 young (16384K), 5 survivors (5120K)
 Metaspace       used 20991K, capacity 21182K, committed 21248K, reserved 1069056K
  class space    used 2201K, capacity 2280K, committed 2304K, reserved 1048576K
}
Event: 26.960 GC heap after
{Heap after GC invocations=3 (full 0):
 garbage-first heap   total 61440K, used 9719K [0x00000000c4e00000, 0x0000000100000000)
  region size 1024K, 1 young (1024K), 1 survivors (1024K)
 Metaspace       used 20991K, capacity 21182K, committed 21248K, reserved 1069056K
  class space    used 2201K, capacity 2280K, committed 2304K, reserved 1048576K
}

